This file contains any messages produced by compilers while
running configure, to aid debugging if configure makes a mistake.

It was created by NHocr configure 0.21, which was
generated by GNU Autoconf 2.69.  Invocation command line was

  $ ./configure 

## --------- ##
## Platform. ##
## --------- ##

hostname = ip-172-31-10-145
uname -m = x86_64
uname -r = 4.4.8-20.46.amzn1.x86_64
uname -s = Linux
uname -v = #1 SMP Wed Apr 27 19:28:52 UTC 2016

/usr/bin/uname -p = unknown
/bin/uname -X     = unknown

/bin/arch              = x86_64
/usr/bin/arch -k       = unknown
/usr/convex/getsysinfo = unknown
/usr/bin/hostinfo      = unknown
/bin/machine           = unknown
/usr/bin/oslevel       = unknown
/bin/universe          = unknown

PATH: /home/ec2-user/.nvm/versions/node/v5.1.1/bin
PATH: /usr/local/bin
PATH: /bin
PATH: /usr/bin
PATH: /usr/local/sbin
PATH: /usr/sbin
PATH: /sbin
PATH: /opt/aws/bin
PATH: /home/ec2-user/.local/bin
PATH: /home/ec2-user/bin


## ----------- ##
## Core tests. ##
## ----------- ##

configure:2053: checking for a BSD-compatible install
configure:2121: result: /usr/bin/install -c
configure:2132: checking whether build environment is sane
configure:2187: result: yes
configure:2338: checking for a thread-safe mkdir -p
configure:2377: result: /bin/mkdir -p
configure:2384: checking for gawk
configure:2400: found /bin/gawk
configure:2411: result: gawk
configure:2422: checking whether make sets $(MAKE)
configure:2444: result: yes
configure:2613: checking for gcc
configure:2629: found /usr/bin/gcc
configure:2640: result: gcc
configure:2869: checking for C compiler version
configure:2878: gcc --version >&5
gcc (GCC) 4.8.3 20140911 (Red Hat 4.8.3-9)
Copyright (C) 2013 Free Software Foundation, Inc.
This is free software; see the source for copying conditions.  There is NO
warranty; not even for MERCHANTABILITY or FITNESS FOR A PARTICULAR PURPOSE.

configure:2889: $? = 0
configure:2878: gcc -v >&5
Using built-in specs.
COLLECT_GCC=gcc
COLLECT_LTO_WRAPPER=/usr/libexec/gcc/x86_64-amazon-linux/4.8.3/lto-wrapper
Target: x86_64-amazon-linux
Configured with: ../configure --prefix=/usr --mandir=/usr/share/man --infodir=/usr/share/info --with-bugurl=http://bugzilla.redhat.com/bugzilla --enable-bootstrap --enable-shared --enable-threads=posix --enable-checking=release --with-system-zlib --enable-__cxa_atexit --disable-libunwind-exceptions --enable-gnu-unique-object --enable-linker-build-id --with-linker-hash-style=gnu --enable-languages=c,c++,fortran,ada,lto --enable-plugin --enable-initfini-array --disable-libgcj --with-isl=/builddir/build/BUILD/gcc-4.8.3-20140911/obj-x86_64-amazon-linux/isl-install --with-cloog=/builddir/build/BUILD/gcc-4.8.3-20140911/obj-x86_64-amazon-linux/cloog-install --enable-gnu-indirect-function --with-tune=generic --with-arch_32=x86-64 --build=x86_64-amazon-linux
Thread model: posix
gcc version 4.8.3 20140911 (Red Hat 4.8.3-9) (GCC) 
configure:2889: $? = 0
configure:2878: gcc -V >&5
gcc: error: unrecognized command line option '-V'
gcc: fatal error: no input files
compilation terminated.
configure:2889: $? = 4
configure:2878: gcc -qversion >&5
gcc: error: unrecognized command line option '-qversion'
gcc: fatal error: no input files
compilation terminated.
configure:2889: $? = 4
configure:2909: checking whether the C compiler works
configure:2931: gcc -O3 --unroll-loops -I/home/ec2-user/O2/include -DDICDIR=\"${datarootdir}\" -L/home/ec2-user/O2/lib conftest.c  >&5
<command-line>:0:9: warning: missing terminating " character [enabled by default]
configure:2935: $? = 0
configure:2983: result: yes
configure:2986: checking for C compiler default output file name
configure:2988: result: a.out
configure:2994: checking for suffix of executables
configure:3001: gcc -o conftest -O3 --unroll-loops -I/home/ec2-user/O2/include -DDICDIR=\"${datarootdir}\" -L/home/ec2-user/O2/lib conftest.c  >&5
<command-line>:0:9: warning: missing terminating " character [enabled by default]
configure:3005: $? = 0
configure:3027: result: 
configure:3049: checking whether we are cross compiling
configure:3057: gcc -o conftest -O3 --unroll-loops -I/home/ec2-user/O2/include -DDICDIR=\"${datarootdir}\" -L/home/ec2-user/O2/lib conftest.c  >&5
<command-line>:0:9: warning: missing terminating " character [enabled by default]
configure:3061: $? = 0
configure:3068: ./conftest
configure:3072: $? = 0
configure:3087: result: no
configure:3092: checking for suffix of object files
configure:3114: gcc -c -O3 --unroll-loops -I/home/ec2-user/O2/include -DDICDIR=\"${datarootdir}\" conftest.c >&5
<command-line>:0:9: warning: missing terminating " character [enabled by default]
configure:3118: $? = 0
configure:3139: result: o
configure:3143: checking whether we are using the GNU C compiler
configure:3162: gcc -c -O3 --unroll-loops -I/home/ec2-user/O2/include -DDICDIR=\"${datarootdir}\" conftest.c >&5
<command-line>:0:9: warning: missing terminating " character [enabled by default]
configure:3162: $? = 0
configure:3171: result: yes
configure:3180: checking whether gcc accepts -g
configure:3200: gcc -c -g -I/home/ec2-user/O2/include -DDICDIR=\"${datarootdir}\" conftest.c >&5
<command-line>:0:9: warning: missing terminating " character [enabled by default]
configure:3200: $? = 0
configure: failed program was:
| /* confdefs.h */
| #define PACKAGE_NAME "NHocr"
| #define PACKAGE_TARNAME "nhocr"
| #define PACKAGE_VERSION "0.21"
| #define PACKAGE_STRING "NHocr 0.21"
| #define PACKAGE_BUGREPORT "http://www.imglab.org/"
| #define PACKAGE_URL ""
| #define PACKAGE "nhocr"
| #define VERSION "0.21"
| /* end confdefs.h.  */
| 
| int
| main ()
| {
| 
|   ;
|   return 0;
| }
configure:3215: gcc -c  -I/home/ec2-user/O2/include -DDICDIR=\"${datarootdir}\" conftest.c >&5
<command-line>:0:9: warning: missing terminating " character [enabled by default]
configure:3215: $? = 0
configure: failed program was:
| /* confdefs.h */
| #define PACKAGE_NAME "NHocr"
| #define PACKAGE_TARNAME "nhocr"
| #define PACKAGE_VERSION "0.21"
| #define PACKAGE_STRING "NHocr 0.21"
| #define PACKAGE_BUGREPORT "http://www.imglab.org/"
| #define PACKAGE_URL ""
| #define PACKAGE "nhocr"
| #define VERSION "0.21"
| /* end confdefs.h.  */
| 
| int
| main ()
| {
| 
|   ;
|   return 0;
| }
configure:3231: gcc -c -g -I/home/ec2-user/O2/include -DDICDIR=\"${datarootdir}\" conftest.c >&5
<command-line>:0:9: warning: missing terminating " character [enabled by default]
configure:3231: $? = 0
configure:3241: result: yes
configure:3258: checking for gcc option to accept ISO C89
configure:3321: gcc  -c -O3 --unroll-loops -I/home/ec2-user/O2/include -DDICDIR=\"${datarootdir}\" conftest.c >&5
<command-line>:0:9: warning: missing terminating " character [enabled by default]
configure:3321: $? = 0
configure:3334: result: none needed
configure:3365: checking for style of include used by make
configure:3393: result: GNU
configure:3419: checking dependency style of gcc
configure:3530: result: gcc3
configure:3603: checking for g++
configure:3619: found /usr/bin/g++
configure:3630: result: g++
configure:3657: checking for C++ compiler version
configure:3666: g++ --version >&5
g++ (GCC) 4.8.3 20140911 (Red Hat 4.8.3-9)
Copyright (C) 2013 Free Software Foundation, Inc.
This is free software; see the source for copying conditions.  There is NO
warranty; not even for MERCHANTABILITY or FITNESS FOR A PARTICULAR PURPOSE.

configure:3677: $? = 0
configure:3666: g++ -v >&5
Using built-in specs.
COLLECT_GCC=g++
COLLECT_LTO_WRAPPER=/usr/libexec/gcc/x86_64-amazon-linux/4.8.3/lto-wrapper
Target: x86_64-amazon-linux
Configured with: ../configure --prefix=/usr --mandir=/usr/share/man --infodir=/usr/share/info --with-bugurl=http://bugzilla.redhat.com/bugzilla --enable-bootstrap --enable-shared --enable-threads=posix --enable-checking=release --with-system-zlib --enable-__cxa_atexit --disable-libunwind-exceptions --enable-gnu-unique-object --enable-linker-build-id --with-linker-hash-style=gnu --enable-languages=c,c++,fortran,ada,lto --enable-plugin --enable-initfini-array --disable-libgcj --with-isl=/builddir/build/BUILD/gcc-4.8.3-20140911/obj-x86_64-amazon-linux/isl-install --with-cloog=/builddir/build/BUILD/gcc-4.8.3-20140911/obj-x86_64-amazon-linux/cloog-install --enable-gnu-indirect-function --with-tune=generic --with-arch_32=x86-64 --build=x86_64-amazon-linux
Thread model: posix
gcc version 4.8.3 20140911 (Red Hat 4.8.3-9) (GCC) 
configure:3677: $? = 0
configure:3666: g++ -V >&5
g++: error: unrecognized command line option '-V'
g++: fatal error: no input files
compilation terminated.
configure:3677: $? = 4
configure:3666: g++ -qversion >&5
g++: error: unrecognized command line option '-qversion'
g++: fatal error: no input files
compilation terminated.
configure:3677: $? = 4
configure:3681: checking whether we are using the GNU C++ compiler
configure:3700: g++ -c -O3 --unroll-loops -I/home/ec2-user/O2/include -DDICDIR=\"${datarootdir}\" conftest.cpp >&5
<command-line>:0:9: warning: missing terminating " character [enabled by default]
configure:3700: $? = 0
configure:3709: result: yes
configure:3718: checking whether g++ accepts -g
configure:3738: g++ -c -g -I/home/ec2-user/O2/include -DDICDIR=\"${datarootdir}\" conftest.cpp >&5
<command-line>:0:9: warning: missing terminating " character [enabled by default]
configure:3738: $? = 0
configure: failed program was:
| /* confdefs.h */
| #define PACKAGE_NAME "NHocr"
| #define PACKAGE_TARNAME "nhocr"
| #define PACKAGE_VERSION "0.21"
| #define PACKAGE_STRING "NHocr 0.21"
| #define PACKAGE_BUGREPORT "http://www.imglab.org/"
| #define PACKAGE_URL ""
| #define PACKAGE "nhocr"
| #define VERSION "0.21"
| /* end confdefs.h.  */
| 
| int
| main ()
| {
| 
|   ;
|   return 0;
| }
configure:3753: g++ -c  -I/home/ec2-user/O2/include -DDICDIR=\"${datarootdir}\" conftest.cpp >&5
<command-line>:0:9: warning: missing terminating " character [enabled by default]
configure:3753: $? = 0
configure: failed program was:
| /* confdefs.h */
| #define PACKAGE_NAME "NHocr"
| #define PACKAGE_TARNAME "nhocr"
| #define PACKAGE_VERSION "0.21"
| #define PACKAGE_STRING "NHocr 0.21"
| #define PACKAGE_BUGREPORT "http://www.imglab.org/"
| #define PACKAGE_URL ""
| #define PACKAGE "nhocr"
| #define VERSION "0.21"
| /* end confdefs.h.  */
| 
| int
| main ()
| {
| 
|   ;
|   return 0;
| }
configure:3769: g++ -c -g -I/home/ec2-user/O2/include -DDICDIR=\"${datarootdir}\" conftest.cpp >&5
<command-line>:0:9: warning: missing terminating " character [enabled by default]
configure:3769: $? = 0
configure:3779: result: yes
configure:3804: checking dependency style of g++
configure:3915: result: gcc3
configure:3973: checking for ranlib
configure:3989: found /usr/bin/ranlib
configure:4000: result: ranlib
configure:4029: checking how to run the C preprocessor
configure:4060: gcc -E -I/home/ec2-user/O2/include -DDICDIR=\"${datarootdir}\" conftest.c
<command-line>:0:9: warning: missing terminating " character [enabled by default]
configure:4060: $? = 0
configure:4074: gcc -E -I/home/ec2-user/O2/include -DDICDIR=\"${datarootdir}\" conftest.c
<command-line>:0:9: warning: missing terminating " character [enabled by default]
conftest.c:11:28: fatal error: ac_nonexistent.h: No such file or directory
 #include <ac_nonexistent.h>
                            ^
compilation terminated.
configure:4074: $? = 1
configure: failed program was:
| /* confdefs.h */
| #define PACKAGE_NAME "NHocr"
| #define PACKAGE_TARNAME "nhocr"
| #define PACKAGE_VERSION "0.21"
| #define PACKAGE_STRING "NHocr 0.21"
| #define PACKAGE_BUGREPORT "http://www.imglab.org/"
| #define PACKAGE_URL ""
| #define PACKAGE "nhocr"
| #define VERSION "0.21"
| /* end confdefs.h.  */
| #include <ac_nonexistent.h>
configure:4099: result: gcc -E
configure:4119: gcc -E -I/home/ec2-user/O2/include -DDICDIR=\"${datarootdir}\" conftest.c
<command-line>:0:9: warning: missing terminating " character [enabled by default]
configure:4119: $? = 0
configure:4133: gcc -E -I/home/ec2-user/O2/include -DDICDIR=\"${datarootdir}\" conftest.c
<command-line>:0:9: warning: missing terminating " character [enabled by default]
conftest.c:11:28: fatal error: ac_nonexistent.h: No such file or directory
 #include <ac_nonexistent.h>
                            ^
compilation terminated.
configure:4133: $? = 1
configure: failed program was:
| /* confdefs.h */
| #define PACKAGE_NAME "NHocr"
| #define PACKAGE_TARNAME "nhocr"
| #define PACKAGE_VERSION "0.21"
| #define PACKAGE_STRING "NHocr 0.21"
| #define PACKAGE_BUGREPORT "http://www.imglab.org/"
| #define PACKAGE_URL ""
| #define PACKAGE "nhocr"
| #define VERSION "0.21"
| /* end confdefs.h.  */
| #include <ac_nonexistent.h>
configure:4162: checking for X
configure:4270: gcc -E -I/home/ec2-user/O2/include -DDICDIR=\"${datarootdir}\" conftest.c
<command-line>:0:9: warning: missing terminating " character [enabled by default]
conftest.c:11:22: fatal error: X11/Xlib.h: No such file or directory
 #include <X11/Xlib.h>
                      ^
compilation terminated.
configure:4270: $? = 1
configure: failed program was:
| /* confdefs.h */
| #define PACKAGE_NAME "NHocr"
| #define PACKAGE_TARNAME "nhocr"
| #define PACKAGE_VERSION "0.21"
| #define PACKAGE_STRING "NHocr 0.21"
| #define PACKAGE_BUGREPORT "http://www.imglab.org/"
| #define PACKAGE_URL ""
| #define PACKAGE "nhocr"
| #define VERSION "0.21"
| /* end confdefs.h.  */
| #include <X11/Xlib.h>
configure:4301: gcc -o conftest -O3 --unroll-loops -I/home/ec2-user/O2/include -DDICDIR=\"${datarootdir}\" -L/home/ec2-user/O2/lib conftest.c -lX11  >&5
<command-line>:0:9: warning: missing terminating " character [enabled by default]
conftest.c:11:22: fatal error: X11/Xlib.h: No such file or directory
 #include <X11/Xlib.h>
                      ^
compilation terminated.
configure:4301: $? = 1
configure: failed program was:
| /* confdefs.h */
| #define PACKAGE_NAME "NHocr"
| #define PACKAGE_TARNAME "nhocr"
| #define PACKAGE_VERSION "0.21"
| #define PACKAGE_STRING "NHocr 0.21"
| #define PACKAGE_BUGREPORT "http://www.imglab.org/"
| #define PACKAGE_URL ""
| #define PACKAGE "nhocr"
| #define VERSION "0.21"
| /* end confdefs.h.  */
| #include <X11/Xlib.h>
| int
| main ()
| {
| XrmInitialize ()
|   ;
|   return 0;
| }
configure:4340: result: no
configure:5008: checking that generated files are newer than configure
configure:5014: result: done
configure:5041: creating ./config.status

## ---------------------- ##
## Running config.status. ##
## ---------------------- ##

This file was extended by NHocr config.status 0.21, which was
generated by GNU Autoconf 2.69.  Invocation command line was

  CONFIG_FILES    = 
  CONFIG_HEADERS  = 
  CONFIG_LINKS    = 
  CONFIG_COMMANDS = 
  $ ./config.status 

on ip-172-31-10-145

config.status:788: creating Makefile
config.status:788: creating nhocr/Makefile
config.status:788: creating include/Makefile
config.status:788: creating libnhocr/Makefile
config.status:788: creating dic/Makefile
config.status:788: creating makechar/Makefile
config.status:788: creating makevec/Makefile
config.status:788: creating makedic/Makefile
config.status:960: executing depfiles commands

## ---------------- ##
## Cache variables. ##
## ---------------- ##

ac_cv_c_compiler_gnu=yes
ac_cv_cxx_compiler_gnu=yes
ac_cv_env_CCC_set=
ac_cv_env_CCC_value=
ac_cv_env_CC_set=
ac_cv_env_CC_value=
ac_cv_env_CFLAGS_set=
ac_cv_env_CFLAGS_value=
ac_cv_env_CPPFLAGS_set=
ac_cv_env_CPPFLAGS_value=
ac_cv_env_CPP_set=
ac_cv_env_CPP_value=
ac_cv_env_CXXFLAGS_set=
ac_cv_env_CXXFLAGS_value=
ac_cv_env_CXX_set=
ac_cv_env_CXX_value=
ac_cv_env_LDFLAGS_set=
ac_cv_env_LDFLAGS_value=
ac_cv_env_LIBS_set=
ac_cv_env_LIBS_value=
ac_cv_env_XMKMF_set=
ac_cv_env_XMKMF_value=
ac_cv_env_build_alias_set=
ac_cv_env_build_alias_value=
ac_cv_env_host_alias_set=
ac_cv_env_host_alias_value=
ac_cv_env_target_alias_set=
ac_cv_env_target_alias_value=
ac_cv_have_x=have_x=no
ac_cv_objext=o
ac_cv_path_install='/usr/bin/install -c'
ac_cv_path_mkdir=/bin/mkdir
ac_cv_prog_AWK=gawk
ac_cv_prog_CPP='gcc -E'
ac_cv_prog_ac_ct_CC=gcc
ac_cv_prog_ac_ct_CXX=g++
ac_cv_prog_ac_ct_RANLIB=ranlib
ac_cv_prog_cc_c89=
ac_cv_prog_cc_g=yes
ac_cv_prog_cxx_g=yes
ac_cv_prog_make_make_set=yes
am_cv_CC_dependencies_compiler_type=gcc3
am_cv_CXX_dependencies_compiler_type=gcc3

## ----------------- ##
## Output variables. ##
## ----------------- ##

ACLOCAL='${SHELL} /home/ec2-user/ohto/proj/angel/server/nhocr/nhocr-0.21/missing --run aclocal-1.12'
AMDEPBACKSLASH='\'
AMDEP_FALSE='#'
AMDEP_TRUE=''
AMTAR='$${TAR-tar}'
AUTOCONF='${SHELL} /home/ec2-user/ohto/proj/angel/server/nhocr/nhocr-0.21/missing --run autoconf'
AUTOHEADER='${SHELL} /home/ec2-user/ohto/proj/angel/server/nhocr/nhocr-0.21/missing --run autoheader'
AUTOMAKE='${SHELL} /home/ec2-user/ohto/proj/angel/server/nhocr/nhocr-0.21/missing --run automake-1.12'
AWK='gawk'
CC='gcc'
CCDEPMODE='depmode=gcc3'
CFLAGS='-O3 --unroll-loops'
CPP='gcc -E'
CPPFLAGS='-I/home/ec2-user/O2/include -DDICDIR=\"${datarootdir}\"'
CXX='g++'
CXXDEPMODE='depmode=gcc3'
CXXFLAGS='-O3 --unroll-loops'
CYGPATH_W='echo'
DEFS='-DPACKAGE_NAME=\"NHocr\" -DPACKAGE_TARNAME=\"nhocr\" -DPACKAGE_VERSION=\"0.21\" -DPACKAGE_STRING=\"NHocr\ 0.21\" -DPACKAGE_BUGREPORT=\"http://www.imglab.org/\" -DPACKAGE_URL=\"\" -DPACKAGE=\"nhocr\" -DVERSION=\"0.21\" -DX_DISPLAY_MISSING=1'
DEPDIR='.deps'
ECHO_C=''
ECHO_N='-n'
ECHO_T=''
EXEEXT=''
INSTALL_DATA='${INSTALL} -m 644'
INSTALL_PROGRAM='${INSTALL}'
INSTALL_SCRIPT='${INSTALL}'
INSTALL_STRIP_PROGRAM='$(install_sh) -c -s'
LDFLAGS='-L/home/ec2-user/O2/lib'
LIBOBJS=''
LIBS=''
LTLIBOBJS=''
MAKEINFO='${SHELL} /home/ec2-user/ohto/proj/angel/server/nhocr/nhocr-0.21/missing --run makeinfo'
MKDIR_P='/bin/mkdir -p'
OBJEXT='o'
PACKAGE='nhocr'
PACKAGE_BUGREPORT='http://www.imglab.org/'
PACKAGE_NAME='NHocr'
PACKAGE_STRING='NHocr 0.21'
PACKAGE_TARNAME='nhocr'
PACKAGE_URL=''
PACKAGE_VERSION='0.21'
PATH_SEPARATOR=':'
RANLIB='ranlib'
SET_MAKE=''
SHELL='/bin/sh'
STRIP=''
VERSION='0.21'
XMKMF=''
X_CFLAGS=''
X_EXTRA_LIBS=''
X_LIBS=''
X_PRE_LIBS=''
ac_ct_CC='gcc'
ac_ct_CXX='g++'
am__EXEEXT_FALSE=''
am__EXEEXT_TRUE='#'
am__fastdepCC_FALSE='#'
am__fastdepCC_TRUE=''
am__fastdepCXX_FALSE='#'
am__fastdepCXX_TRUE=''
am__include='include'
am__isrc=''
am__leading_dot='.'
am__nodep='_no'
am__quote=''
am__tar='$${TAR-tar} chof - "$$tardir"'
am__untar='$${TAR-tar} xf -'
bindir='${exec_prefix}/bin'
build_alias=''
datadir='${datarootdir}'
datarootdir='${prefix}/share'
docdir='${datarootdir}/doc/${PACKAGE_TARNAME}'
dvidir='${docdir}'
exec_prefix='${prefix}'
host_alias=''
htmldir='${docdir}'
includedir='${prefix}/include'
infodir='${datarootdir}/info'
install_sh='${SHELL} /home/ec2-user/ohto/proj/angel/server/nhocr/nhocr-0.21/install-sh'
libdir='${exec_prefix}/lib'
libexecdir='${exec_prefix}/libexec'
localedir='${datarootdir}/locale'
localstatedir='${prefix}/var'
mandir='${datarootdir}/man'
mkdir_p='/bin/mkdir -p'
oldincludedir='/usr/include'
pdfdir='${docdir}'
prefix='/opt/nhocr'
program_transform_name='s,x,x,'
psdir='${docdir}'
sbindir='${exec_prefix}/sbin'
sharedstatedir='${prefix}/com'
sysconfdir='${prefix}/etc'
target_alias=''

## ----------- ##
## confdefs.h. ##
## ----------- ##

/* confdefs.h */
#define PACKAGE_NAME "NHocr"
#define PACKAGE_TARNAME "nhocr"
#define PACKAGE_VERSION "0.21"
#define PACKAGE_STRING "NHocr 0.21"
#define PACKAGE_BUGREPORT "http://www.imglab.org/"
#define PACKAGE_URL ""
#define PACKAGE "nhocr"
#define VERSION "0.21"
#define X_DISPLAY_MISSING 1

configure: exit 0
